INFO - 2023-01-22 16:26:52 --> Session: Class initialized using 'CodeIgniter\Session\Handlers\FileHandler' driver.
INFO - 2023-01-22 16:26:59 --> Session: Class initialized using 'CodeIgniter\Session\Handlers\FileHandler' driver.
INFO - 2023-01-22 16:29:27 --> Session: Class initialized using 'CodeIgniter\Session\Handlers\FileHandler' driver.
INFO - 2023-01-22 16:29:30 --> Session: Class initialized using 'CodeIgniter\Session\Handlers\FileHandler' driver.
INFO - 2023-01-22 16:29:45 --> Session: Class initialized using 'CodeIgniter\Session\Handlers\FileHandler' driver.
ERROR - 2023-01-22 16:29:45 --> Error connecting to the database: mysqli_sql_exception: No such file or directory in /Users/dileepkumar/Documents/Projects/PHP/CI4-Login-and-Registration/system/Database/MySQLi/Connection.php:173
Stack trace:
#0 /Users/dileepkumar/Documents/Projects/PHP/CI4-Login-and-Registration/system/Database/MySQLi/Connection.php(173): mysqli->real_connect('localhost', 'root', Object(SensitiveParameterValue), 'my_auth_db', 3306, '', 0)
#1 /Users/dileepkumar/Documents/Projects/PHP/CI4-Login-and-Registration/system/Database/BaseConnection.php(391): CodeIgniter\Database\MySQLi\Connection->connect(false)
#2 /Users/dileepkumar/Documents/Projects/PHP/CI4-Login-and-Registration/system/Database/BaseConnection.php(573): CodeIgniter\Database\BaseConnection->initialize()
#3 /Users/dileepkumar/Documents/Projects/PHP/CI4-Login-and-Registration/system/Database/BaseBuilder.php(1602): CodeIgniter\Database\BaseConnection->query('SELECT 1\nFROM `...', Array, false)
#4 /Users/dileepkumar/Documents/Projects/PHP/CI4-Login-and-Registration/system/Validation/StrictRules/Rules.php(206): CodeIgniter\Database\BaseBuilder->get()
#5 /Users/dileepkumar/Documents/Projects/PHP/CI4-Login-and-Registration/system/Validation/Validation.php(312): CodeIgniter\Validation\StrictRules\Rules->is_unique('dileep@gmail.co...', 'email', Array, NULL, 'email')
#6 /Users/dileepkumar/Documents/Projects/PHP/CI4-Login-and-Registration/system/Validation/Validation.php(170): CodeIgniter\Validation\Validation->processRules('email', 'email', 'dileep@gmail.co...', Array, Array)
#7 /Users/dileepkumar/Documents/Projects/PHP/CI4-Login-and-Registration/system/Controller.php(140): CodeIgniter\Validation\Validation->run()
#8 /Users/dileepkumar/Documents/Projects/PHP/CI4-Login-and-Registration/app/Controllers/User.php(77): CodeIgniter\Controller->validate(Array)
#9 /Users/dileepkumar/Documents/Projects/PHP/CI4-Login-and-Registration/system/CodeIgniter.php(934): App\Controllers\User->register()
#10 /Users/dileepkumar/Documents/Projects/PHP/CI4-Login-and-Registration/system/CodeIgniter.php(499): CodeIgniter\CodeIgniter->runController(Object(App\Controllers\User))
#11 /Users/dileepkumar/Documents/Projects/PHP/CI4-Login-and-Registration/system/CodeIgniter.php(368): CodeIgniter\CodeIgniter->handleRequest(NULL, Object(Config\Cache), false)
#12 /Users/dileepkumar/Documents/Projects/PHP/CI4-Login-and-Registration/public/index.php(67): CodeIgniter\CodeIgniter->run()
#13 /Users/dileepkumar/Documents/Projects/PHP/CI4-Login-and-Registration/system/Commands/Server/rewrite.php(47): require_once('/Users/dileepku...')
#14 {main}

Next CodeIgniter\Database\Exceptions\DatabaseException: No such file or directory in /Users/dileepkumar/Documents/Projects/PHP/CI4-Login-and-Registration/system/Database/MySQLi/Connection.php:218
Stack trace:
#0 /Users/dileepkumar/Documents/Projects/PHP/CI4-Login-and-Registration/system/Database/BaseConnection.php(391): CodeIgniter\Database\MySQLi\Connection->connect(false)
#1 /Users/dileepkumar/Documents/Projects/PHP/CI4-Login-and-Registration/system/Database/BaseConnection.php(573): CodeIgniter\Database\BaseConnection->initialize()
#2 /Users/dileepkumar/Documents/Projects/PHP/CI4-Login-and-Registration/system/Database/BaseBuilder.php(1602): CodeIgniter\Database\BaseConnection->query('SELECT 1\nFROM `...', Array, false)
#3 /Users/dileepkumar/Documents/Projects/PHP/CI4-Login-and-Registration/system/Validation/StrictRules/Rules.php(206): CodeIgniter\Database\BaseBuilder->get()
#4 /Users/dileepkumar/Documents/Projects/PHP/CI4-Login-and-Registration/system/Validation/Validation.php(312): CodeIgniter\Validation\StrictRules\Rules->is_unique('dileep@gmail.co...', 'email', Array, NULL, 'email')
#5 /Users/dileepkumar/Documents/Projects/PHP/CI4-Login-and-Registration/system/Validation/Validation.php(170): CodeIgniter\Validation\Validation->processRules('email', 'email', 'dileep@gmail.co...', Array, Array)
#6 /Users/dileepkumar/Documents/Projects/PHP/CI4-Login-and-Registration/system/Controller.php(140): CodeIgniter\Validation\Validation->run()
#7 /Users/dileepkumar/Documents/Projects/PHP/CI4-Login-and-Registration/app/Controllers/User.php(77): CodeIgniter\Controller->validate(Array)
#8 /Users/dileepkumar/Documents/Projects/PHP/CI4-Login-and-Registration/system/CodeIgniter.php(934): App\Controllers\User->register()
#9 /Users/dileepkumar/Documents/Projects/PHP/CI4-Login-and-Registration/system/CodeIgniter.php(499): CodeIgniter\CodeIgniter->runController(Object(App\Controllers\User))
#10 /Users/dileepkumar/Documents/Projects/PHP/CI4-Login-and-Registration/system/CodeIgniter.php(368): CodeIgniter\CodeIgniter->handleRequest(NULL, Object(Config\Cache), false)
#11 /Users/dileepkumar/Documents/Projects/PHP/CI4-Login-and-Registration/public/index.php(67): CodeIgniter\CodeIgniter->run()
#12 /Users/dileepkumar/Documents/Projects/PHP/CI4-Login-and-Registration/system/Commands/Server/rewrite.php(47): require_once('/Users/dileepku...')
#13 {main}
CRITICAL - 2023-01-22 16:29:45 --> Unable to connect to the database.
Main connection [MySQLi]: No such file or directory
in SYSTEMPATH/Database/BaseConnection.php on line 427.
 1 SYSTEMPATH/Database/BaseConnection.php(573): CodeIgniter\Database\BaseConnection->initialize()
 2 SYSTEMPATH/Database/BaseBuilder.php(1602): CodeIgniter\Database\BaseConnection->query('SELECT 1
FROM `tbl_users`
WHERE `email` = :email:
 LIMIT 1', [...], false)
 3 SYSTEMPATH/Validation/StrictRules/Rules.php(206): CodeIgniter\Database\BaseBuilder->get()
 4 SYSTEMPATH/Validation/Validation.php(312): CodeIgniter\Validation\StrictRules\Rules->is_unique('dileep@gmail.com', 'email', [...], null, 'email')
 5 SYSTEMPATH/Validation/Validation.php(170): CodeIgniter\Validation\Validation->processRules('email', 'email', 'dileep@gmail.com', [...], [...])
 6 SYSTEMPATH/Controller.php(140): CodeIgniter\Validation\Validation->run()
 7 APPPATH/Controllers/User.php(77): CodeIgniter\Controller->validate([...])
 8 SYSTEMPATH/CodeIgniter.php(934): App\Controllers\User->register()
 9 SYSTEMPATH/CodeIgniter.php(499): CodeIgniter\CodeIgniter->runController(Object(App\Controllers\User))
10 SYSTEMPATH/CodeIgniter.php(368): CodeIgniter\CodeIgniter->handleRequest(null, Object(Config\Cache), false)
11 FCPATH/index.php(67): CodeIgniter\CodeIgniter->run()
12 SYSTEMPATH/Commands/Server/rewrite.php(47): require_once('FCPATH/index.php')
INFO - 2023-01-22 16:31:57 --> Session: Class initialized using 'CodeIgniter\Session\Handlers\FileHandler' driver.
ERROR - 2023-01-22 16:31:57 --> Error connecting to the database: mysqli_sql_exception: No such file or directory in /Users/dileepkumar/Documents/Projects/PHP/CI4-Login-and-Registration/system/Database/MySQLi/Connection.php:173
Stack trace:
#0 /Users/dileepkumar/Documents/Projects/PHP/CI4-Login-and-Registration/system/Database/MySQLi/Connection.php(173): mysqli->real_connect('localhost', 'root', Object(SensitiveParameterValue), 'my_auth_db', 3306, '', 0)
#1 /Users/dileepkumar/Documents/Projects/PHP/CI4-Login-and-Registration/system/Database/BaseConnection.php(391): CodeIgniter\Database\MySQLi\Connection->connect(false)
#2 /Users/dileepkumar/Documents/Projects/PHP/CI4-Login-and-Registration/system/Database/BaseConnection.php(573): CodeIgniter\Database\BaseConnection->initialize()
#3 /Users/dileepkumar/Documents/Projects/PHP/CI4-Login-and-Registration/system/Database/BaseBuilder.php(1602): CodeIgniter\Database\BaseConnection->query('SELECT 1\nFROM `...', Array, false)
#4 /Users/dileepkumar/Documents/Projects/PHP/CI4-Login-and-Registration/system/Validation/StrictRules/Rules.php(206): CodeIgniter\Database\BaseBuilder->get()
#5 /Users/dileepkumar/Documents/Projects/PHP/CI4-Login-and-Registration/system/Validation/Validation.php(312): CodeIgniter\Validation\StrictRules\Rules->is_unique('dileep@gmail.co...', 'email', Array, NULL, 'email')
#6 /Users/dileepkumar/Documents/Projects/PHP/CI4-Login-and-Registration/system/Validation/Validation.php(170): CodeIgniter\Validation\Validation->processRules('email', 'email', 'dileep@gmail.co...', Array, Array)
#7 /Users/dileepkumar/Documents/Projects/PHP/CI4-Login-and-Registration/system/Controller.php(140): CodeIgniter\Validation\Validation->run()
#8 /Users/dileepkumar/Documents/Projects/PHP/CI4-Login-and-Registration/app/Controllers/User.php(77): CodeIgniter\Controller->validate(Array)
#9 /Users/dileepkumar/Documents/Projects/PHP/CI4-Login-and-Registration/system/CodeIgniter.php(934): App\Controllers\User->register()
#10 /Users/dileepkumar/Documents/Projects/PHP/CI4-Login-and-Registration/system/CodeIgniter.php(499): CodeIgniter\CodeIgniter->runController(Object(App\Controllers\User))
#11 /Users/dileepkumar/Documents/Projects/PHP/CI4-Login-and-Registration/system/CodeIgniter.php(368): CodeIgniter\CodeIgniter->handleRequest(NULL, Object(Config\Cache), false)
#12 /Users/dileepkumar/Documents/Projects/PHP/CI4-Login-and-Registration/public/index.php(67): CodeIgniter\CodeIgniter->run()
#13 /Users/dileepkumar/Documents/Projects/PHP/CI4-Login-and-Registration/system/Commands/Server/rewrite.php(47): require_once('/Users/dileepku...')
#14 {main}

Next CodeIgniter\Database\Exceptions\DatabaseException: No such file or directory in /Users/dileepkumar/Documents/Projects/PHP/CI4-Login-and-Registration/system/Database/MySQLi/Connection.php:218
Stack trace:
#0 /Users/dileepkumar/Documents/Projects/PHP/CI4-Login-and-Registration/system/Database/BaseConnection.php(391): CodeIgniter\Database\MySQLi\Connection->connect(false)
#1 /Users/dileepkumar/Documents/Projects/PHP/CI4-Login-and-Registration/system/Database/BaseConnection.php(573): CodeIgniter\Database\BaseConnection->initialize()
#2 /Users/dileepkumar/Documents/Projects/PHP/CI4-Login-and-Registration/system/Database/BaseBuilder.php(1602): CodeIgniter\Database\BaseConnection->query('SELECT 1\nFROM `...', Array, false)
#3 /Users/dileepkumar/Documents/Projects/PHP/CI4-Login-and-Registration/system/Validation/StrictRules/Rules.php(206): CodeIgniter\Database\BaseBuilder->get()
#4 /Users/dileepkumar/Documents/Projects/PHP/CI4-Login-and-Registration/system/Validation/Validation.php(312): CodeIgniter\Validation\StrictRules\Rules->is_unique('dileep@gmail.co...', 'email', Array, NULL, 'email')
#5 /Users/dileepkumar/Documents/Projects/PHP/CI4-Login-and-Registration/system/Validation/Validation.php(170): CodeIgniter\Validation\Validation->processRules('email', 'email', 'dileep@gmail.co...', Array, Array)
#6 /Users/dileepkumar/Documents/Projects/PHP/CI4-Login-and-Registration/system/Controller.php(140): CodeIgniter\Validation\Validation->run()
#7 /Users/dileepkumar/Documents/Projects/PHP/CI4-Login-and-Registration/app/Controllers/User.php(77): CodeIgniter\Controller->validate(Array)
#8 /Users/dileepkumar/Documents/Projects/PHP/CI4-Login-and-Registration/system/CodeIgniter.php(934): App\Controllers\User->register()
#9 /Users/dileepkumar/Documents/Projects/PHP/CI4-Login-and-Registration/system/CodeIgniter.php(499): CodeIgniter\CodeIgniter->runController(Object(App\Controllers\User))
#10 /Users/dileepkumar/Documents/Projects/PHP/CI4-Login-and-Registration/system/CodeIgniter.php(368): CodeIgniter\CodeIgniter->handleRequest(NULL, Object(Config\Cache), false)
#11 /Users/dileepkumar/Documents/Projects/PHP/CI4-Login-and-Registration/public/index.php(67): CodeIgniter\CodeIgniter->run()
#12 /Users/dileepkumar/Documents/Projects/PHP/CI4-Login-and-Registration/system/Commands/Server/rewrite.php(47): require_once('/Users/dileepku...')
#13 {main}
CRITICAL - 2023-01-22 16:31:57 --> Unable to connect to the database.
Main connection [MySQLi]: No such file or directory
in SYSTEMPATH/Database/BaseConnection.php on line 427.
 1 SYSTEMPATH/Database/BaseConnection.php(573): CodeIgniter\Database\BaseConnection->initialize()
 2 SYSTEMPATH/Database/BaseBuilder.php(1602): CodeIgniter\Database\BaseConnection->query('SELECT 1
FROM `tbl_users`
WHERE `email` = :email:
 LIMIT 1', [...], false)
 3 SYSTEMPATH/Validation/StrictRules/Rules.php(206): CodeIgniter\Database\BaseBuilder->get()
 4 SYSTEMPATH/Validation/Validation.php(312): CodeIgniter\Validation\StrictRules\Rules->is_unique('dileep@gmail.com', 'email', [...], null, 'email')
 5 SYSTEMPATH/Validation/Validation.php(170): CodeIgniter\Validation\Validation->processRules('email', 'email', 'dileep@gmail.com', [...], [...])
 6 SYSTEMPATH/Controller.php(140): CodeIgniter\Validation\Validation->run()
 7 APPPATH/Controllers/User.php(77): CodeIgniter\Controller->validate([...])
 8 SYSTEMPATH/CodeIgniter.php(934): App\Controllers\User->register()
 9 SYSTEMPATH/CodeIgniter.php(499): CodeIgniter\CodeIgniter->runController(Object(App\Controllers\User))
10 SYSTEMPATH/CodeIgniter.php(368): CodeIgniter\CodeIgniter->handleRequest(null, Object(Config\Cache), false)
11 FCPATH/index.php(67): CodeIgniter\CodeIgniter->run()
12 SYSTEMPATH/Commands/Server/rewrite.php(47): require_once('FCPATH/index.php')
INFO - 2023-01-22 16:32:01 --> Session: Class initialized using 'CodeIgniter\Session\Handlers\FileHandler' driver.
INFO - 2023-01-22 16:32:13 --> Session: Class initialized using 'CodeIgniter\Session\Handlers\FileHandler' driver.
ERROR - 2023-01-22 16:32:13 --> Error connecting to the database: mysqli_sql_exception: No such file or directory in /Users/dileepkumar/Documents/Projects/PHP/CI4-Login-and-Registration/system/Database/MySQLi/Connection.php:173
Stack trace:
#0 /Users/dileepkumar/Documents/Projects/PHP/CI4-Login-and-Registration/system/Database/MySQLi/Connection.php(173): mysqli->real_connect('localhost', 'root', Object(SensitiveParameterValue), 'my_auth_db', 3306, '', 0)
#1 /Users/dileepkumar/Documents/Projects/PHP/CI4-Login-and-Registration/system/Database/BaseConnection.php(391): CodeIgniter\Database\MySQLi\Connection->connect(false)
#2 /Users/dileepkumar/Documents/Projects/PHP/CI4-Login-and-Registration/system/Database/BaseConnection.php(573): CodeIgniter\Database\BaseConnection->initialize()
#3 /Users/dileepkumar/Documents/Projects/PHP/CI4-Login-and-Registration/system/Database/BaseBuilder.php(1602): CodeIgniter\Database\BaseConnection->query('SELECT 1\nFROM `...', Array, false)
#4 /Users/dileepkumar/Documents/Projects/PHP/CI4-Login-and-Registration/system/Validation/StrictRules/Rules.php(206): CodeIgniter\Database\BaseBuilder->get()
#5 /Users/dileepkumar/Documents/Projects/PHP/CI4-Login-and-Registration/system/Validation/Validation.php(312): CodeIgniter\Validation\StrictRules\Rules->is_unique('test2@test.com', 'email', Array, NULL, 'email')
#6 /Users/dileepkumar/Documents/Projects/PHP/CI4-Login-and-Registration/system/Validation/Validation.php(170): CodeIgniter\Validation\Validation->processRules('email', 'email', 'test2@test.com', Array, Array)
#7 /Users/dileepkumar/Documents/Projects/PHP/CI4-Login-and-Registration/system/Controller.php(140): CodeIgniter\Validation\Validation->run()
#8 /Users/dileepkumar/Documents/Projects/PHP/CI4-Login-and-Registration/app/Controllers/User.php(77): CodeIgniter\Controller->validate(Array)
#9 /Users/dileepkumar/Documents/Projects/PHP/CI4-Login-and-Registration/system/CodeIgniter.php(934): App\Controllers\User->register()
#10 /Users/dileepkumar/Documents/Projects/PHP/CI4-Login-and-Registration/system/CodeIgniter.php(499): CodeIgniter\CodeIgniter->runController(Object(App\Controllers\User))
#11 /Users/dileepkumar/Documents/Projects/PHP/CI4-Login-and-Registration/system/CodeIgniter.php(368): CodeIgniter\CodeIgniter->handleRequest(NULL, Object(Config\Cache), false)
#12 /Users/dileepkumar/Documents/Projects/PHP/CI4-Login-and-Registration/public/index.php(67): CodeIgniter\CodeIgniter->run()
#13 /Users/dileepkumar/Documents/Projects/PHP/CI4-Login-and-Registration/system/Commands/Server/rewrite.php(47): require_once('/Users/dileepku...')
#14 {main}

Next CodeIgniter\Database\Exceptions\DatabaseException: No such file or directory in /Users/dileepkumar/Documents/Projects/PHP/CI4-Login-and-Registration/system/Database/MySQLi/Connection.php:218
Stack trace:
#0 /Users/dileepkumar/Documents/Projects/PHP/CI4-Login-and-Registration/system/Database/BaseConnection.php(391): CodeIgniter\Database\MySQLi\Connection->connect(false)
#1 /Users/dileepkumar/Documents/Projects/PHP/CI4-Login-and-Registration/system/Database/BaseConnection.php(573): CodeIgniter\Database\BaseConnection->initialize()
#2 /Users/dileepkumar/Documents/Projects/PHP/CI4-Login-and-Registration/system/Database/BaseBuilder.php(1602): CodeIgniter\Database\BaseConnection->query('SELECT 1\nFROM `...', Array, false)
#3 /Users/dileepkumar/Documents/Projects/PHP/CI4-Login-and-Registration/system/Validation/StrictRules/Rules.php(206): CodeIgniter\Database\BaseBuilder->get()
#4 /Users/dileepkumar/Documents/Projects/PHP/CI4-Login-and-Registration/system/Validation/Validation.php(312): CodeIgniter\Validation\StrictRules\Rules->is_unique('test2@test.com', 'email', Array, NULL, 'email')
#5 /Users/dileepkumar/Documents/Projects/PHP/CI4-Login-and-Registration/system/Validation/Validation.php(170): CodeIgniter\Validation\Validation->processRules('email', 'email', 'test2@test.com', Array, Array)
#6 /Users/dileepkumar/Documents/Projects/PHP/CI4-Login-and-Registration/system/Controller.php(140): CodeIgniter\Validation\Validation->run()
#7 /Users/dileepkumar/Documents/Projects/PHP/CI4-Login-and-Registration/app/Controllers/User.php(77): CodeIgniter\Controller->validate(Array)
#8 /Users/dileepkumar/Documents/Projects/PHP/CI4-Login-and-Registration/system/CodeIgniter.php(934): App\Controllers\User->register()
#9 /Users/dileepkumar/Documents/Projects/PHP/CI4-Login-and-Registration/system/CodeIgniter.php(499): CodeIgniter\CodeIgniter->runController(Object(App\Controllers\User))
#10 /Users/dileepkumar/Documents/Projects/PHP/CI4-Login-and-Registration/system/CodeIgniter.php(368): CodeIgniter\CodeIgniter->handleRequest(NULL, Object(Config\Cache), false)
#11 /Users/dileepkumar/Documents/Projects/PHP/CI4-Login-and-Registration/public/index.php(67): CodeIgniter\CodeIgniter->run()
#12 /Users/dileepkumar/Documents/Projects/PHP/CI4-Login-and-Registration/system/Commands/Server/rewrite.php(47): require_once('/Users/dileepku...')
#13 {main}
CRITICAL - 2023-01-22 16:32:13 --> Unable to connect to the database.
Main connection [MySQLi]: No such file or directory
in SYSTEMPATH/Database/BaseConnection.php on line 427.
 1 SYSTEMPATH/Database/BaseConnection.php(573): CodeIgniter\Database\BaseConnection->initialize()
 2 SYSTEMPATH/Database/BaseBuilder.php(1602): CodeIgniter\Database\BaseConnection->query('SELECT 1
FROM `tbl_users`
WHERE `email` = :email:
 LIMIT 1', [...], false)
 3 SYSTEMPATH/Validation/StrictRules/Rules.php(206): CodeIgniter\Database\BaseBuilder->get()
 4 SYSTEMPATH/Validation/Validation.php(312): CodeIgniter\Validation\StrictRules\Rules->is_unique('test2@test.com', 'email', [...], null, 'email')
 5 SYSTEMPATH/Validation/Validation.php(170): CodeIgniter\Validation\Validation->processRules('email', 'email', 'test2@test.com', [...], [...])
 6 SYSTEMPATH/Controller.php(140): CodeIgniter\Validation\Validation->run()
 7 APPPATH/Controllers/User.php(77): CodeIgniter\Controller->validate([...])
 8 SYSTEMPATH/CodeIgniter.php(934): App\Controllers\User->register()
 9 SYSTEMPATH/CodeIgniter.php(499): CodeIgniter\CodeIgniter->runController(Object(App\Controllers\User))
10 SYSTEMPATH/CodeIgniter.php(368): CodeIgniter\CodeIgniter->handleRequest(null, Object(Config\Cache), false)
11 FCPATH/index.php(67): CodeIgniter\CodeIgniter->run()
12 SYSTEMPATH/Commands/Server/rewrite.php(47): require_once('FCPATH/index.php')
INFO - 2023-01-22 16:34:20 --> Session: Class initialized using 'CodeIgniter\Session\Handlers\FileHandler' driver.
INFO - 2023-01-22 16:34:22 --> Session: Class initialized using 'CodeIgniter\Session\Handlers\FileHandler' driver.
ERROR - 2023-01-22 16:34:22 --> Error connecting to the database: mysqli_sql_exception: No such file or directory in /Users/dileepkumar/Documents/Projects/PHP/CI4-Login-and-Registration/system/Database/MySQLi/Connection.php:173
Stack trace:
#0 /Users/dileepkumar/Documents/Projects/PHP/CI4-Login-and-Registration/system/Database/MySQLi/Connection.php(173): mysqli->real_connect('localhost', 'root', Object(SensitiveParameterValue), 'my_auth_db', 3306, '', 0)
#1 /Users/dileepkumar/Documents/Projects/PHP/CI4-Login-and-Registration/system/Database/BaseConnection.php(391): CodeIgniter\Database\MySQLi\Connection->connect(false)
#2 /Users/dileepkumar/Documents/Projects/PHP/CI4-Login-and-Registration/system/Database/BaseConnection.php(573): CodeIgniter\Database\BaseConnection->initialize()
#3 /Users/dileepkumar/Documents/Projects/PHP/CI4-Login-and-Registration/system/Database/BaseBuilder.php(1602): CodeIgniter\Database\BaseConnection->query('SELECT 1\nFROM `...', Array, false)
#4 /Users/dileepkumar/Documents/Projects/PHP/CI4-Login-and-Registration/system/Validation/StrictRules/Rules.php(206): CodeIgniter\Database\BaseBuilder->get()
#5 /Users/dileepkumar/Documents/Projects/PHP/CI4-Login-and-Registration/system/Validation/Validation.php(312): CodeIgniter\Validation\StrictRules\Rules->is_unique('test2@test.com', 'email', Array, NULL, 'email')
#6 /Users/dileepkumar/Documents/Projects/PHP/CI4-Login-and-Registration/system/Validation/Validation.php(170): CodeIgniter\Validation\Validation->processRules('email', 'email', 'test2@test.com', Array, Array)
#7 /Users/dileepkumar/Documents/Projects/PHP/CI4-Login-and-Registration/system/Controller.php(140): CodeIgniter\Validation\Validation->run()
#8 /Users/dileepkumar/Documents/Projects/PHP/CI4-Login-and-Registration/app/Controllers/User.php(77): CodeIgniter\Controller->validate(Array)
#9 /Users/dileepkumar/Documents/Projects/PHP/CI4-Login-and-Registration/system/CodeIgniter.php(934): App\Controllers\User->register()
#10 /Users/dileepkumar/Documents/Projects/PHP/CI4-Login-and-Registration/system/CodeIgniter.php(499): CodeIgniter\CodeIgniter->runController(Object(App\Controllers\User))
#11 /Users/dileepkumar/Documents/Projects/PHP/CI4-Login-and-Registration/system/CodeIgniter.php(368): CodeIgniter\CodeIgniter->handleRequest(NULL, Object(Config\Cache), false)
#12 /Users/dileepkumar/Documents/Projects/PHP/CI4-Login-and-Registration/public/index.php(67): CodeIgniter\CodeIgniter->run()
#13 /Users/dileepkumar/Documents/Projects/PHP/CI4-Login-and-Registration/system/Commands/Server/rewrite.php(47): require_once('/Users/dileepku...')
#14 {main}

Next CodeIgniter\Database\Exceptions\DatabaseException: No such file or directory in /Users/dileepkumar/Documents/Projects/PHP/CI4-Login-and-Registration/system/Database/MySQLi/Connection.php:218
Stack trace:
#0 /Users/dileepkumar/Documents/Projects/PHP/CI4-Login-and-Registration/system/Database/BaseConnection.php(391): CodeIgniter\Database\MySQLi\Connection->connect(false)
#1 /Users/dileepkumar/Documents/Projects/PHP/CI4-Login-and-Registration/system/Database/BaseConnection.php(573): CodeIgniter\Database\BaseConnection->initialize()
#2 /Users/dileepkumar/Documents/Projects/PHP/CI4-Login-and-Registration/system/Database/BaseBuilder.php(1602): CodeIgniter\Database\BaseConnection->query('SELECT 1\nFROM `...', Array, false)
#3 /Users/dileepkumar/Documents/Projects/PHP/CI4-Login-and-Registration/system/Validation/StrictRules/Rules.php(206): CodeIgniter\Database\BaseBuilder->get()
#4 /Users/dileepkumar/Documents/Projects/PHP/CI4-Login-and-Registration/system/Validation/Validation.php(312): CodeIgniter\Validation\StrictRules\Rules->is_unique('test2@test.com', 'email', Array, NULL, 'email')
#5 /Users/dileepkumar/Documents/Projects/PHP/CI4-Login-and-Registration/system/Validation/Validation.php(170): CodeIgniter\Validation\Validation->processRules('email', 'email', 'test2@test.com', Array, Array)
#6 /Users/dileepkumar/Documents/Projects/PHP/CI4-Login-and-Registration/system/Controller.php(140): CodeIgniter\Validation\Validation->run()
#7 /Users/dileepkumar/Documents/Projects/PHP/CI4-Login-and-Registration/app/Controllers/User.php(77): CodeIgniter\Controller->validate(Array)
#8 /Users/dileepkumar/Documents/Projects/PHP/CI4-Login-and-Registration/system/CodeIgniter.php(934): App\Controllers\User->register()
#9 /Users/dileepkumar/Documents/Projects/PHP/CI4-Login-and-Registration/system/CodeIgniter.php(499): CodeIgniter\CodeIgniter->runController(Object(App\Controllers\User))
#10 /Users/dileepkumar/Documents/Projects/PHP/CI4-Login-and-Registration/system/CodeIgniter.php(368): CodeIgniter\CodeIgniter->handleRequest(NULL, Object(Config\Cache), false)
#11 /Users/dileepkumar/Documents/Projects/PHP/CI4-Login-and-Registration/public/index.php(67): CodeIgniter\CodeIgniter->run()
#12 /Users/dileepkumar/Documents/Projects/PHP/CI4-Login-and-Registration/system/Commands/Server/rewrite.php(47): require_once('/Users/dileepku...')
#13 {main}
CRITICAL - 2023-01-22 16:34:22 --> Unable to connect to the database.
Main connection [MySQLi]: No such file or directory
in SYSTEMPATH/Database/BaseConnection.php on line 427.
 1 SYSTEMPATH/Database/BaseConnection.php(573): CodeIgniter\Database\BaseConnection->initialize()
 2 SYSTEMPATH/Database/BaseBuilder.php(1602): CodeIgniter\Database\BaseConnection->query('SELECT 1
FROM `tbl_users`
WHERE `email` = :email:
 LIMIT 1', [...], false)
 3 SYSTEMPATH/Validation/StrictRules/Rules.php(206): CodeIgniter\Database\BaseBuilder->get()
 4 SYSTEMPATH/Validation/Validation.php(312): CodeIgniter\Validation\StrictRules\Rules->is_unique('test2@test.com', 'email', [...], null, 'email')
 5 SYSTEMPATH/Validation/Validation.php(170): CodeIgniter\Validation\Validation->processRules('email', 'email', 'test2@test.com', [...], [...])
 6 SYSTEMPATH/Controller.php(140): CodeIgniter\Validation\Validation->run()
 7 APPPATH/Controllers/User.php(77): CodeIgniter\Controller->validate([...])
 8 SYSTEMPATH/CodeIgniter.php(934): App\Controllers\User->register()
 9 SYSTEMPATH/CodeIgniter.php(499): CodeIgniter\CodeIgniter->runController(Object(App\Controllers\User))
10 SYSTEMPATH/CodeIgniter.php(368): CodeIgniter\CodeIgniter->handleRequest(null, Object(Config\Cache), false)
11 FCPATH/index.php(67): CodeIgniter\CodeIgniter->run()
12 SYSTEMPATH/Commands/Server/rewrite.php(47): require_once('FCPATH/index.php')
INFO - 2023-01-22 16:40:29 --> Session: Class initialized using 'CodeIgniter\Session\Handlers\FileHandler' driver.
INFO - 2023-01-22 16:40:38 --> Session: Class initialized using 'CodeIgniter\Session\Handlers\FileHandler' driver.
ERROR - 2023-01-22 16:40:38 --> Error connecting to the database: mysqli_sql_exception: No such file or directory in /Users/dileepkumar/Documents/Projects/PHP/CI4-Login-and-Registration/system/Database/MySQLi/Connection.php:173
Stack trace:
#0 /Users/dileepkumar/Documents/Projects/PHP/CI4-Login-and-Registration/system/Database/MySQLi/Connection.php(173): mysqli->real_connect('localhost', 'root', Object(SensitiveParameterValue), 'my_auth_db', 3306, '', 0)
#1 /Users/dileepkumar/Documents/Projects/PHP/CI4-Login-and-Registration/system/Database/BaseConnection.php(391): CodeIgniter\Database\MySQLi\Connection->connect(false)
#2 /Users/dileepkumar/Documents/Projects/PHP/CI4-Login-and-Registration/system/Database/BaseConnection.php(573): CodeIgniter\Database\BaseConnection->initialize()
#3 /Users/dileepkumar/Documents/Projects/PHP/CI4-Login-and-Registration/system/Database/BaseBuilder.php(1602): CodeIgniter\Database\BaseConnection->query('SELECT 1\nFROM `...', Array, false)
#4 /Users/dileepkumar/Documents/Projects/PHP/CI4-Login-and-Registration/system/Validation/StrictRules/Rules.php(206): CodeIgniter\Database\BaseBuilder->get()
#5 /Users/dileepkumar/Documents/Projects/PHP/CI4-Login-and-Registration/system/Validation/Validation.php(312): CodeIgniter\Validation\StrictRules\Rules->is_unique('test2@test.com', 'email', Array, NULL, 'email')
#6 /Users/dileepkumar/Documents/Projects/PHP/CI4-Login-and-Registration/system/Validation/Validation.php(170): CodeIgniter\Validation\Validation->processRules('email', 'email', 'test2@test.com', Array, Array)
#7 /Users/dileepkumar/Documents/Projects/PHP/CI4-Login-and-Registration/system/Controller.php(140): CodeIgniter\Validation\Validation->run()
#8 /Users/dileepkumar/Documents/Projects/PHP/CI4-Login-and-Registration/app/Controllers/User.php(77): CodeIgniter\Controller->validate(Array)
#9 /Users/dileepkumar/Documents/Projects/PHP/CI4-Login-and-Registration/system/CodeIgniter.php(934): App\Controllers\User->register()
#10 /Users/dileepkumar/Documents/Projects/PHP/CI4-Login-and-Registration/system/CodeIgniter.php(499): CodeIgniter\CodeIgniter->runController(Object(App\Controllers\User))
#11 /Users/dileepkumar/Documents/Projects/PHP/CI4-Login-and-Registration/system/CodeIgniter.php(368): CodeIgniter\CodeIgniter->handleRequest(NULL, Object(Config\Cache), false)
#12 /Users/dileepkumar/Documents/Projects/PHP/CI4-Login-and-Registration/public/index.php(67): CodeIgniter\CodeIgniter->run()
#13 /Users/dileepkumar/Documents/Projects/PHP/CI4-Login-and-Registration/system/Commands/Server/rewrite.php(47): require_once('/Users/dileepku...')
#14 {main}

Next CodeIgniter\Database\Exceptions\DatabaseException: No such file or directory in /Users/dileepkumar/Documents/Projects/PHP/CI4-Login-and-Registration/system/Database/MySQLi/Connection.php:218
Stack trace:
#0 /Users/dileepkumar/Documents/Projects/PHP/CI4-Login-and-Registration/system/Database/BaseConnection.php(391): CodeIgniter\Database\MySQLi\Connection->connect(false)
#1 /Users/dileepkumar/Documents/Projects/PHP/CI4-Login-and-Registration/system/Database/BaseConnection.php(573): CodeIgniter\Database\BaseConnection->initialize()
#2 /Users/dileepkumar/Documents/Projects/PHP/CI4-Login-and-Registration/system/Database/BaseBuilder.php(1602): CodeIgniter\Database\BaseConnection->query('SELECT 1\nFROM `...', Array, false)
#3 /Users/dileepkumar/Documents/Projects/PHP/CI4-Login-and-Registration/system/Validation/StrictRules/Rules.php(206): CodeIgniter\Database\BaseBuilder->get()
#4 /Users/dileepkumar/Documents/Projects/PHP/CI4-Login-and-Registration/system/Validation/Validation.php(312): CodeIgniter\Validation\StrictRules\Rules->is_unique('test2@test.com', 'email', Array, NULL, 'email')
#5 /Users/dileepkumar/Documents/Projects/PHP/CI4-Login-and-Registration/system/Validation/Validation.php(170): CodeIgniter\Validation\Validation->processRules('email', 'email', 'test2@test.com', Array, Array)
#6 /Users/dileepkumar/Documents/Projects/PHP/CI4-Login-and-Registration/system/Controller.php(140): CodeIgniter\Validation\Validation->run()
#7 /Users/dileepkumar/Documents/Projects/PHP/CI4-Login-and-Registration/app/Controllers/User.php(77): CodeIgniter\Controller->validate(Array)
#8 /Users/dileepkumar/Documents/Projects/PHP/CI4-Login-and-Registration/system/CodeIgniter.php(934): App\Controllers\User->register()
#9 /Users/dileepkumar/Documents/Projects/PHP/CI4-Login-and-Registration/system/CodeIgniter.php(499): CodeIgniter\CodeIgniter->runController(Object(App\Controllers\User))
#10 /Users/dileepkumar/Documents/Projects/PHP/CI4-Login-and-Registration/system/CodeIgniter.php(368): CodeIgniter\CodeIgniter->handleRequest(NULL, Object(Config\Cache), false)
#11 /Users/dileepkumar/Documents/Projects/PHP/CI4-Login-and-Registration/public/index.php(67): CodeIgniter\CodeIgniter->run()
#12 /Users/dileepkumar/Documents/Projects/PHP/CI4-Login-and-Registration/system/Commands/Server/rewrite.php(47): require_once('/Users/dileepku...')
#13 {main}
CRITICAL - 2023-01-22 16:40:38 --> Unable to connect to the database.
Main connection [MySQLi]: No such file or directory
in SYSTEMPATH/Database/BaseConnection.php on line 427.
 1 SYSTEMPATH/Database/BaseConnection.php(573): CodeIgniter\Database\BaseConnection->initialize()
 2 SYSTEMPATH/Database/BaseBuilder.php(1602): CodeIgniter\Database\BaseConnection->query('SELECT 1
FROM `tbl_users`
WHERE `email` = :email:
 LIMIT 1', [...], false)
 3 SYSTEMPATH/Validation/StrictRules/Rules.php(206): CodeIgniter\Database\BaseBuilder->get()
 4 SYSTEMPATH/Validation/Validation.php(312): CodeIgniter\Validation\StrictRules\Rules->is_unique('test2@test.com', 'email', [...], null, 'email')
 5 SYSTEMPATH/Validation/Validation.php(170): CodeIgniter\Validation\Validation->processRules('email', 'email', 'test2@test.com', [...], [...])
 6 SYSTEMPATH/Controller.php(140): CodeIgniter\Validation\Validation->run()
 7 APPPATH/Controllers/User.php(77): CodeIgniter\Controller->validate([...])
 8 SYSTEMPATH/CodeIgniter.php(934): App\Controllers\User->register()
 9 SYSTEMPATH/CodeIgniter.php(499): CodeIgniter\CodeIgniter->runController(Object(App\Controllers\User))
10 SYSTEMPATH/CodeIgniter.php(368): CodeIgniter\CodeIgniter->handleRequest(null, Object(Config\Cache), false)
11 FCPATH/index.php(67): CodeIgniter\CodeIgniter->run()
12 SYSTEMPATH/Commands/Server/rewrite.php(47): require_once('FCPATH/index.php')
INFO - 2023-01-22 16:43:56 --> Session: Class initialized using 'CodeIgniter\Session\Handlers\FileHandler' driver.
INFO - 2023-01-22 16:44:04 --> Session: Class initialized using 'CodeIgniter\Session\Handlers\FileHandler' driver.
ERROR - 2023-01-22 16:44:04 --> Error connecting to the database: mysqli_sql_exception: No such file or directory in /Users/dileepkumar/Documents/Projects/PHP/CI4-Login-and-Registration/system/Database/MySQLi/Connection.php:173
Stack trace:
#0 /Users/dileepkumar/Documents/Projects/PHP/CI4-Login-and-Registration/system/Database/MySQLi/Connection.php(173): mysqli->real_connect('localhost', 'root', Object(SensitiveParameterValue), 'my_auth_db', 3306, '', 0)
#1 /Users/dileepkumar/Documents/Projects/PHP/CI4-Login-and-Registration/system/Database/BaseConnection.php(391): CodeIgniter\Database\MySQLi\Connection->connect(false)
#2 /Users/dileepkumar/Documents/Projects/PHP/CI4-Login-and-Registration/system/Database/BaseConnection.php(573): CodeIgniter\Database\BaseConnection->initialize()
#3 /Users/dileepkumar/Documents/Projects/PHP/CI4-Login-and-Registration/system/Database/BaseBuilder.php(1602): CodeIgniter\Database\BaseConnection->query('SELECT 1\nFROM `...', Array, false)
#4 /Users/dileepkumar/Documents/Projects/PHP/CI4-Login-and-Registration/system/Validation/StrictRules/Rules.php(206): CodeIgniter\Database\BaseBuilder->get()
#5 /Users/dileepkumar/Documents/Projects/PHP/CI4-Login-and-Registration/system/Validation/Validation.php(312): CodeIgniter\Validation\StrictRules\Rules->is_unique('dileep@gmail.co...', 'email', Array, NULL, 'email')
#6 /Users/dileepkumar/Documents/Projects/PHP/CI4-Login-and-Registration/system/Validation/Validation.php(170): CodeIgniter\Validation\Validation->processRules('email', 'email', 'dileep@gmail.co...', Array, Array)
#7 /Users/dileepkumar/Documents/Projects/PHP/CI4-Login-and-Registration/system/Controller.php(140): CodeIgniter\Validation\Validation->run()
#8 /Users/dileepkumar/Documents/Projects/PHP/CI4-Login-and-Registration/app/Controllers/User.php(77): CodeIgniter\Controller->validate(Array)
#9 /Users/dileepkumar/Documents/Projects/PHP/CI4-Login-and-Registration/system/CodeIgniter.php(934): App\Controllers\User->register()
#10 /Users/dileepkumar/Documents/Projects/PHP/CI4-Login-and-Registration/system/CodeIgniter.php(499): CodeIgniter\CodeIgniter->runController(Object(App\Controllers\User))
#11 /Users/dileepkumar/Documents/Projects/PHP/CI4-Login-and-Registration/system/CodeIgniter.php(368): CodeIgniter\CodeIgniter->handleRequest(NULL, Object(Config\Cache), false)
#12 /Users/dileepkumar/Documents/Projects/PHP/CI4-Login-and-Registration/public/index.php(67): CodeIgniter\CodeIgniter->run()
#13 /Users/dileepkumar/Documents/Projects/PHP/CI4-Login-and-Registration/system/Commands/Server/rewrite.php(47): require_once('/Users/dileepku...')
#14 {main}

Next CodeIgniter\Database\Exceptions\DatabaseException: No such file or directory in /Users/dileepkumar/Documents/Projects/PHP/CI4-Login-and-Registration/system/Database/MySQLi/Connection.php:218
Stack trace:
#0 /Users/dileepkumar/Documents/Projects/PHP/CI4-Login-and-Registration/system/Database/BaseConnection.php(391): CodeIgniter\Database\MySQLi\Connection->connect(false)
#1 /Users/dileepkumar/Documents/Projects/PHP/CI4-Login-and-Registration/system/Database/BaseConnection.php(573): CodeIgniter\Database\BaseConnection->initialize()
#2 /Users/dileepkumar/Documents/Projects/PHP/CI4-Login-and-Registration/system/Database/BaseBuilder.php(1602): CodeIgniter\Database\BaseConnection->query('SELECT 1\nFROM `...', Array, false)
#3 /Users/dileepkumar/Documents/Projects/PHP/CI4-Login-and-Registration/system/Validation/StrictRules/Rules.php(206): CodeIgniter\Database\BaseBuilder->get()
#4 /Users/dileepkumar/Documents/Projects/PHP/CI4-Login-and-Registration/system/Validation/Validation.php(312): CodeIgniter\Validation\StrictRules\Rules->is_unique('dileep@gmail.co...', 'email', Array, NULL, 'email')
#5 /Users/dileepkumar/Documents/Projects/PHP/CI4-Login-and-Registration/system/Validation/Validation.php(170): CodeIgniter\Validation\Validation->processRules('email', 'email', 'dileep@gmail.co...', Array, Array)
#6 /Users/dileepkumar/Documents/Projects/PHP/CI4-Login-and-Registration/system/Controller.php(140): CodeIgniter\Validation\Validation->run()
#7 /Users/dileepkumar/Documents/Projects/PHP/CI4-Login-and-Registration/app/Controllers/User.php(77): CodeIgniter\Controller->validate(Array)
#8 /Users/dileepkumar/Documents/Projects/PHP/CI4-Login-and-Registration/system/CodeIgniter.php(934): App\Controllers\User->register()
#9 /Users/dileepkumar/Documents/Projects/PHP/CI4-Login-and-Registration/system/CodeIgniter.php(499): CodeIgniter\CodeIgniter->runController(Object(App\Controllers\User))
#10 /Users/dileepkumar/Documents/Projects/PHP/CI4-Login-and-Registration/system/CodeIgniter.php(368): CodeIgniter\CodeIgniter->handleRequest(NULL, Object(Config\Cache), false)
#11 /Users/dileepkumar/Documents/Projects/PHP/CI4-Login-and-Registration/public/index.php(67): CodeIgniter\CodeIgniter->run()
#12 /Users/dileepkumar/Documents/Projects/PHP/CI4-Login-and-Registration/system/Commands/Server/rewrite.php(47): require_once('/Users/dileepku...')
#13 {main}
CRITICAL - 2023-01-22 16:44:04 --> Unable to connect to the database.
Main connection [MySQLi]: No such file or directory
in SYSTEMPATH/Database/BaseConnection.php on line 427.
 1 SYSTEMPATH/Database/BaseConnection.php(573): CodeIgniter\Database\BaseConnection->initialize()
 2 SYSTEMPATH/Database/BaseBuilder.php(1602): CodeIgniter\Database\BaseConnection->query('SELECT 1
FROM `tbl_users`
WHERE `email` = :email:
 LIMIT 1', [...], false)
 3 SYSTEMPATH/Validation/StrictRules/Rules.php(206): CodeIgniter\Database\BaseBuilder->get()
 4 SYSTEMPATH/Validation/Validation.php(312): CodeIgniter\Validation\StrictRules\Rules->is_unique('dileep@gmail.com', 'email', [...], null, 'email')
 5 SYSTEMPATH/Validation/Validation.php(170): CodeIgniter\Validation\Validation->processRules('email', 'email', 'dileep@gmail.com', [...], [...])
 6 SYSTEMPATH/Controller.php(140): CodeIgniter\Validation\Validation->run()
 7 APPPATH/Controllers/User.php(77): CodeIgniter\Controller->validate([...])
 8 SYSTEMPATH/CodeIgniter.php(934): App\Controllers\User->register()
 9 SYSTEMPATH/CodeIgniter.php(499): CodeIgniter\CodeIgniter->runController(Object(App\Controllers\User))
10 SYSTEMPATH/CodeIgniter.php(368): CodeIgniter\CodeIgniter->handleRequest(null, Object(Config\Cache), false)
11 FCPATH/index.php(67): CodeIgniter\CodeIgniter->run()
12 SYSTEMPATH/Commands/Server/rewrite.php(47): require_once('FCPATH/index.php')
INFO - 2023-01-22 17:05:41 --> Session: Class initialized using 'CodeIgniter\Session\Handlers\FileHandler' driver.
INFO - 2023-01-22 17:05:53 --> Session: Class initialized using 'CodeIgniter\Session\Handlers\FileHandler' driver.
ERROR - 2023-01-22 17:05:53 --> Error connecting to the database: mysqli_sql_exception: No such file or directory in /Users/dileepkumar/Documents/Projects/PHP/CI4-Login-and-Registration/system/Database/MySQLi/Connection.php:173
Stack trace:
#0 /Users/dileepkumar/Documents/Projects/PHP/CI4-Login-and-Registration/system/Database/MySQLi/Connection.php(173): mysqli->real_connect('localhost', 'root', Object(SensitiveParameterValue), 'my_auth_db', 3306, '', 0)
#1 /Users/dileepkumar/Documents/Projects/PHP/CI4-Login-and-Registration/system/Database/BaseConnection.php(391): CodeIgniter\Database\MySQLi\Connection->connect(false)
#2 /Users/dileepkumar/Documents/Projects/PHP/CI4-Login-and-Registration/system/Database/BaseConnection.php(573): CodeIgniter\Database\BaseConnection->initialize()
#3 /Users/dileepkumar/Documents/Projects/PHP/CI4-Login-and-Registration/system/Database/BaseBuilder.php(1602): CodeIgniter\Database\BaseConnection->query('SELECT 1\nFROM `...', Array, false)
#4 /Users/dileepkumar/Documents/Projects/PHP/CI4-Login-and-Registration/system/Validation/StrictRules/Rules.php(206): CodeIgniter\Database\BaseBuilder->get()
#5 /Users/dileepkumar/Documents/Projects/PHP/CI4-Login-and-Registration/system/Validation/Validation.php(312): CodeIgniter\Validation\StrictRules\Rules->is_unique('dileep@gmail.co...', 'email', Array, NULL, 'email')
#6 /Users/dileepkumar/Documents/Projects/PHP/CI4-Login-and-Registration/system/Validation/Validation.php(170): CodeIgniter\Validation\Validation->processRules('email', 'email', 'dileep@gmail.co...', Array, Array)
#7 /Users/dileepkumar/Documents/Projects/PHP/CI4-Login-and-Registration/system/Controller.php(140): CodeIgniter\Validation\Validation->run()
#8 /Users/dileepkumar/Documents/Projects/PHP/CI4-Login-and-Registration/app/Controllers/User.php(77): CodeIgniter\Controller->validate(Array)
#9 /Users/dileepkumar/Documents/Projects/PHP/CI4-Login-and-Registration/system/CodeIgniter.php(934): App\Controllers\User->register()
#10 /Users/dileepkumar/Documents/Projects/PHP/CI4-Login-and-Registration/system/CodeIgniter.php(499): CodeIgniter\CodeIgniter->runController(Object(App\Controllers\User))
#11 /Users/dileepkumar/Documents/Projects/PHP/CI4-Login-and-Registration/system/CodeIgniter.php(368): CodeIgniter\CodeIgniter->handleRequest(NULL, Object(Config\Cache), false)
#12 /Users/dileepkumar/Documents/Projects/PHP/CI4-Login-and-Registration/public/index.php(67): CodeIgniter\CodeIgniter->run()
#13 /Users/dileepkumar/Documents/Projects/PHP/CI4-Login-and-Registration/system/Commands/Server/rewrite.php(47): require_once('/Users/dileepku...')
#14 {main}

Next CodeIgniter\Database\Exceptions\DatabaseException: No such file or directory in /Users/dileepkumar/Documents/Projects/PHP/CI4-Login-and-Registration/system/Database/MySQLi/Connection.php:218
Stack trace:
#0 /Users/dileepkumar/Documents/Projects/PHP/CI4-Login-and-Registration/system/Database/BaseConnection.php(391): CodeIgniter\Database\MySQLi\Connection->connect(false)
#1 /Users/dileepkumar/Documents/Projects/PHP/CI4-Login-and-Registration/system/Database/BaseConnection.php(573): CodeIgniter\Database\BaseConnection->initialize()
#2 /Users/dileepkumar/Documents/Projects/PHP/CI4-Login-and-Registration/system/Database/BaseBuilder.php(1602): CodeIgniter\Database\BaseConnection->query('SELECT 1\nFROM `...', Array, false)
#3 /Users/dileepkumar/Documents/Projects/PHP/CI4-Login-and-Registration/system/Validation/StrictRules/Rules.php(206): CodeIgniter\Database\BaseBuilder->get()
#4 /Users/dileepkumar/Documents/Projects/PHP/CI4-Login-and-Registration/system/Validation/Validation.php(312): CodeIgniter\Validation\StrictRules\Rules->is_unique('dileep@gmail.co...', 'email', Array, NULL, 'email')
#5 /Users/dileepkumar/Documents/Projects/PHP/CI4-Login-and-Registration/system/Validation/Validation.php(170): CodeIgniter\Validation\Validation->processRules('email', 'email', 'dileep@gmail.co...', Array, Array)
#6 /Users/dileepkumar/Documents/Projects/PHP/CI4-Login-and-Registration/system/Controller.php(140): CodeIgniter\Validation\Validation->run()
#7 /Users/dileepkumar/Documents/Projects/PHP/CI4-Login-and-Registration/app/Controllers/User.php(77): CodeIgniter\Controller->validate(Array)
#8 /Users/dileepkumar/Documents/Projects/PHP/CI4-Login-and-Registration/system/CodeIgniter.php(934): App\Controllers\User->register()
#9 /Users/dileepkumar/Documents/Projects/PHP/CI4-Login-and-Registration/system/CodeIgniter.php(499): CodeIgniter\CodeIgniter->runController(Object(App\Controllers\User))
#10 /Users/dileepkumar/Documents/Projects/PHP/CI4-Login-and-Registration/system/CodeIgniter.php(368): CodeIgniter\CodeIgniter->handleRequest(NULL, Object(Config\Cache), false)
#11 /Users/dileepkumar/Documents/Projects/PHP/CI4-Login-and-Registration/public/index.php(67): CodeIgniter\CodeIgniter->run()
#12 /Users/dileepkumar/Documents/Projects/PHP/CI4-Login-and-Registration/system/Commands/Server/rewrite.php(47): require_once('/Users/dileepku...')
#13 {main}
CRITICAL - 2023-01-22 17:05:53 --> Unable to connect to the database.
Main connection [MySQLi]: No such file or directory
in SYSTEMPATH/Database/BaseConnection.php on line 427.
 1 SYSTEMPATH/Database/BaseConnection.php(573): CodeIgniter\Database\BaseConnection->initialize()
 2 SYSTEMPATH/Database/BaseBuilder.php(1602): CodeIgniter\Database\BaseConnection->query('SELECT 1
FROM `tbl_users`
WHERE `email` = :email:
 LIMIT 1', [...], false)
 3 SYSTEMPATH/Validation/StrictRules/Rules.php(206): CodeIgniter\Database\BaseBuilder->get()
 4 SYSTEMPATH/Validation/Validation.php(312): CodeIgniter\Validation\StrictRules\Rules->is_unique('dileep@gmail.com', 'email', [...], null, 'email')
 5 SYSTEMPATH/Validation/Validation.php(170): CodeIgniter\Validation\Validation->processRules('email', 'email', 'dileep@gmail.com', [...], [...])
 6 SYSTEMPATH/Controller.php(140): CodeIgniter\Validation\Validation->run()
 7 APPPATH/Controllers/User.php(77): CodeIgniter\Controller->validate([...])
 8 SYSTEMPATH/CodeIgniter.php(934): App\Controllers\User->register()
 9 SYSTEMPATH/CodeIgniter.php(499): CodeIgniter\CodeIgniter->runController(Object(App\Controllers\User))
10 SYSTEMPATH/CodeIgniter.php(368): CodeIgniter\CodeIgniter->handleRequest(null, Object(Config\Cache), false)
11 FCPATH/index.php(67): CodeIgniter\CodeIgniter->run()
12 SYSTEMPATH/Commands/Server/rewrite.php(47): require_once('FCPATH/index.php')
INFO - 2023-01-22 17:11:57 --> Session: Class initialized using 'CodeIgniter\Session\Handlers\FileHandler' driver.
ERROR - 2023-01-22 17:11:57 --> Error connecting to the database: mysqli_sql_exception: No such file or directory in /Users/dileepkumar/Documents/Projects/PHP/CI4-Login-and-Registration/system/Database/MySQLi/Connection.php:173
Stack trace:
#0 /Users/dileepkumar/Documents/Projects/PHP/CI4-Login-and-Registration/system/Database/MySQLi/Connection.php(173): mysqli->real_connect('localhost', 'root', Object(SensitiveParameterValue), 'my_auth_db', 3306, '', 0)
#1 /Users/dileepkumar/Documents/Projects/PHP/CI4-Login-and-Registration/system/Database/BaseConnection.php(391): CodeIgniter\Database\MySQLi\Connection->connect(false)
#2 /Users/dileepkumar/Documents/Projects/PHP/CI4-Login-and-Registration/system/Database/BaseConnection.php(573): CodeIgniter\Database\BaseConnection->initialize()
#3 /Users/dileepkumar/Documents/Projects/PHP/CI4-Login-and-Registration/system/Database/BaseBuilder.php(1602): CodeIgniter\Database\BaseConnection->query('SELECT 1\nFROM `...', Array, false)
#4 /Users/dileepkumar/Documents/Projects/PHP/CI4-Login-and-Registration/system/Validation/StrictRules/Rules.php(206): CodeIgniter\Database\BaseBuilder->get()
#5 /Users/dileepkumar/Documents/Projects/PHP/CI4-Login-and-Registration/system/Validation/Validation.php(312): CodeIgniter\Validation\StrictRules\Rules->is_unique('dileep@gmail.co...', 'email', Array, NULL, 'email')
#6 /Users/dileepkumar/Documents/Projects/PHP/CI4-Login-and-Registration/system/Validation/Validation.php(170): CodeIgniter\Validation\Validation->processRules('email', 'email', 'dileep@gmail.co...', Array, Array)
#7 /Users/dileepkumar/Documents/Projects/PHP/CI4-Login-and-Registration/system/Controller.php(140): CodeIgniter\Validation\Validation->run()
#8 /Users/dileepkumar/Documents/Projects/PHP/CI4-Login-and-Registration/app/Controllers/User.php(77): CodeIgniter\Controller->validate(Array)
#9 /Users/dileepkumar/Documents/Projects/PHP/CI4-Login-and-Registration/system/CodeIgniter.php(934): App\Controllers\User->register()
#10 /Users/dileepkumar/Documents/Projects/PHP/CI4-Login-and-Registration/system/CodeIgniter.php(499): CodeIgniter\CodeIgniter->runController(Object(App\Controllers\User))
#11 /Users/dileepkumar/Documents/Projects/PHP/CI4-Login-and-Registration/system/CodeIgniter.php(368): CodeIgniter\CodeIgniter->handleRequest(NULL, Object(Config\Cache), false)
#12 /Users/dileepkumar/Documents/Projects/PHP/CI4-Login-and-Registration/public/index.php(67): CodeIgniter\CodeIgniter->run()
#13 /Users/dileepkumar/Documents/Projects/PHP/CI4-Login-and-Registration/system/Commands/Server/rewrite.php(47): require_once('/Users/dileepku...')
#14 {main}

Next CodeIgniter\Database\Exceptions\DatabaseException: No such file or directory in /Users/dileepkumar/Documents/Projects/PHP/CI4-Login-and-Registration/system/Database/MySQLi/Connection.php:218
Stack trace:
#0 /Users/dileepkumar/Documents/Projects/PHP/CI4-Login-and-Registration/system/Database/BaseConnection.php(391): CodeIgniter\Database\MySQLi\Connection->connect(false)
#1 /Users/dileepkumar/Documents/Projects/PHP/CI4-Login-and-Registration/system/Database/BaseConnection.php(573): CodeIgniter\Database\BaseConnection->initialize()
#2 /Users/dileepkumar/Documents/Projects/PHP/CI4-Login-and-Registration/system/Database/BaseBuilder.php(1602): CodeIgniter\Database\BaseConnection->query('SELECT 1\nFROM `...', Array, false)
#3 /Users/dileepkumar/Documents/Projects/PHP/CI4-Login-and-Registration/system/Validation/StrictRules/Rules.php(206): CodeIgniter\Database\BaseBuilder->get()
#4 /Users/dileepkumar/Documents/Projects/PHP/CI4-Login-and-Registration/system/Validation/Validation.php(312): CodeIgniter\Validation\StrictRules\Rules->is_unique('dileep@gmail.co...', 'email', Array, NULL, 'email')
#5 /Users/dileepkumar/Documents/Projects/PHP/CI4-Login-and-Registration/system/Validation/Validation.php(170): CodeIgniter\Validation\Validation->processRules('email', 'email', 'dileep@gmail.co...', Array, Array)
#6 /Users/dileepkumar/Documents/Projects/PHP/CI4-Login-and-Registration/system/Controller.php(140): CodeIgniter\Validation\Validation->run()
#7 /Users/dileepkumar/Documents/Projects/PHP/CI4-Login-and-Registration/app/Controllers/User.php(77): CodeIgniter\Controller->validate(Array)
#8 /Users/dileepkumar/Documents/Projects/PHP/CI4-Login-and-Registration/system/CodeIgniter.php(934): App\Controllers\User->register()
#9 /Users/dileepkumar/Documents/Projects/PHP/CI4-Login-and-Registration/system/CodeIgniter.php(499): CodeIgniter\CodeIgniter->runController(Object(App\Controllers\User))
#10 /Users/dileepkumar/Documents/Projects/PHP/CI4-Login-and-Registration/system/CodeIgniter.php(368): CodeIgniter\CodeIgniter->handleRequest(NULL, Object(Config\Cache), false)
#11 /Users/dileepkumar/Documents/Projects/PHP/CI4-Login-and-Registration/public/index.php(67): CodeIgniter\CodeIgniter->run()
#12 /Users/dileepkumar/Documents/Projects/PHP/CI4-Login-and-Registration/system/Commands/Server/rewrite.php(47): require_once('/Users/dileepku...')
#13 {main}
CRITICAL - 2023-01-22 17:11:57 --> Unable to connect to the database.
Main connection [MySQLi]: No such file or directory
in SYSTEMPATH/Database/BaseConnection.php on line 427.
 1 SYSTEMPATH/Database/BaseConnection.php(573): CodeIgniter\Database\BaseConnection->initialize()
 2 SYSTEMPATH/Database/BaseBuilder.php(1602): CodeIgniter\Database\BaseConnection->query('SELECT 1
FROM `tbl_users`
WHERE `email` = :email:
 LIMIT 1', [...], false)
 3 SYSTEMPATH/Validation/StrictRules/Rules.php(206): CodeIgniter\Database\BaseBuilder->get()
 4 SYSTEMPATH/Validation/Validation.php(312): CodeIgniter\Validation\StrictRules\Rules->is_unique('dileep@gmail.com', 'email', [...], null, 'email')
 5 SYSTEMPATH/Validation/Validation.php(170): CodeIgniter\Validation\Validation->processRules('email', 'email', 'dileep@gmail.com', [...], [...])
 6 SYSTEMPATH/Controller.php(140): CodeIgniter\Validation\Validation->run()
 7 APPPATH/Controllers/User.php(77): CodeIgniter\Controller->validate([...])
 8 SYSTEMPATH/CodeIgniter.php(934): App\Controllers\User->register()
 9 SYSTEMPATH/CodeIgniter.php(499): CodeIgniter\CodeIgniter->runController(Object(App\Controllers\User))
10 SYSTEMPATH/CodeIgniter.php(368): CodeIgniter\CodeIgniter->handleRequest(null, Object(Config\Cache), false)
11 FCPATH/index.php(67): CodeIgniter\CodeIgniter->run()
12 SYSTEMPATH/Commands/Server/rewrite.php(47): require_once('FCPATH/index.php')
INFO - 2023-01-22 17:11:59 --> Session: Class initialized using 'CodeIgniter\Session\Handlers\FileHandler' driver.
INFO - 2023-01-22 17:12:08 --> Session: Class initialized using 'CodeIgniter\Session\Handlers\FileHandler' driver.
ERROR - 2023-01-22 17:12:08 --> Error connecting to the database: mysqli_sql_exception: No such file or directory in /Users/dileepkumar/Documents/Projects/PHP/CI4-Login-and-Registration/system/Database/MySQLi/Connection.php:173
Stack trace:
#0 /Users/dileepkumar/Documents/Projects/PHP/CI4-Login-and-Registration/system/Database/MySQLi/Connection.php(173): mysqli->real_connect('localhost', 'root', Object(SensitiveParameterValue), 'my_auth_db', 3306, '', 0)
#1 /Users/dileepkumar/Documents/Projects/PHP/CI4-Login-and-Registration/system/Database/BaseConnection.php(391): CodeIgniter\Database\MySQLi\Connection->connect(false)
#2 /Users/dileepkumar/Documents/Projects/PHP/CI4-Login-and-Registration/system/Database/BaseConnection.php(573): CodeIgniter\Database\BaseConnection->initialize()
#3 /Users/dileepkumar/Documents/Projects/PHP/CI4-Login-and-Registration/system/Database/BaseBuilder.php(1602): CodeIgniter\Database\BaseConnection->query('SELECT 1\nFROM `...', Array, false)
#4 /Users/dileepkumar/Documents/Projects/PHP/CI4-Login-and-Registration/system/Validation/StrictRules/Rules.php(206): CodeIgniter\Database\BaseBuilder->get()
#5 /Users/dileepkumar/Documents/Projects/PHP/CI4-Login-and-Registration/system/Validation/Validation.php(312): CodeIgniter\Validation\StrictRules\Rules->is_unique('dileep@gmail.co...', 'email', Array, NULL, 'email')
#6 /Users/dileepkumar/Documents/Projects/PHP/CI4-Login-and-Registration/system/Validation/Validation.php(170): CodeIgniter\Validation\Validation->processRules('email', 'email', 'dileep@gmail.co...', Array, Array)
#7 /Users/dileepkumar/Documents/Projects/PHP/CI4-Login-and-Registration/system/Controller.php(140): CodeIgniter\Validation\Validation->run()
#8 /Users/dileepkumar/Documents/Projects/PHP/CI4-Login-and-Registration/app/Controllers/User.php(77): CodeIgniter\Controller->validate(Array)
#9 /Users/dileepkumar/Documents/Projects/PHP/CI4-Login-and-Registration/system/CodeIgniter.php(934): App\Controllers\User->register()
#10 /Users/dileepkumar/Documents/Projects/PHP/CI4-Login-and-Registration/system/CodeIgniter.php(499): CodeIgniter\CodeIgniter->runController(Object(App\Controllers\User))
#11 /Users/dileepkumar/Documents/Projects/PHP/CI4-Login-and-Registration/system/CodeIgniter.php(368): CodeIgniter\CodeIgniter->handleRequest(NULL, Object(Config\Cache), false)
#12 /Users/dileepkumar/Documents/Projects/PHP/CI4-Login-and-Registration/public/index.php(67): CodeIgniter\CodeIgniter->run()
#13 /Users/dileepkumar/Documents/Projects/PHP/CI4-Login-and-Registration/system/Commands/Server/rewrite.php(47): require_once('/Users/dileepku...')
#14 {main}

Next CodeIgniter\Database\Exceptions\DatabaseException: No such file or directory in /Users/dileepkumar/Documents/Projects/PHP/CI4-Login-and-Registration/system/Database/MySQLi/Connection.php:218
Stack trace:
#0 /Users/dileepkumar/Documents/Projects/PHP/CI4-Login-and-Registration/system/Database/BaseConnection.php(391): CodeIgniter\Database\MySQLi\Connection->connect(false)
#1 /Users/dileepkumar/Documents/Projects/PHP/CI4-Login-and-Registration/system/Database/BaseConnection.php(573): CodeIgniter\Database\BaseConnection->initialize()
#2 /Users/dileepkumar/Documents/Projects/PHP/CI4-Login-and-Registration/system/Database/BaseBuilder.php(1602): CodeIgniter\Database\BaseConnection->query('SELECT 1\nFROM `...', Array, false)
#3 /Users/dileepkumar/Documents/Projects/PHP/CI4-Login-and-Registration/system/Validation/StrictRules/Rules.php(206): CodeIgniter\Database\BaseBuilder->get()
#4 /Users/dileepkumar/Documents/Projects/PHP/CI4-Login-and-Registration/system/Validation/Validation.php(312): CodeIgniter\Validation\StrictRules\Rules->is_unique('dileep@gmail.co...', 'email', Array, NULL, 'email')
#5 /Users/dileepkumar/Documents/Projects/PHP/CI4-Login-and-Registration/system/Validation/Validation.php(170): CodeIgniter\Validation\Validation->processRules('email', 'email', 'dileep@gmail.co...', Array, Array)
#6 /Users/dileepkumar/Documents/Projects/PHP/CI4-Login-and-Registration/system/Controller.php(140): CodeIgniter\Validation\Validation->run()
#7 /Users/dileepkumar/Documents/Projects/PHP/CI4-Login-and-Registration/app/Controllers/User.php(77): CodeIgniter\Controller->validate(Array)
#8 /Users/dileepkumar/Documents/Projects/PHP/CI4-Login-and-Registration/system/CodeIgniter.php(934): App\Controllers\User->register()
#9 /Users/dileepkumar/Documents/Projects/PHP/CI4-Login-and-Registration/system/CodeIgniter.php(499): CodeIgniter\CodeIgniter->runController(Object(App\Controllers\User))
#10 /Users/dileepkumar/Documents/Projects/PHP/CI4-Login-and-Registration/system/CodeIgniter.php(368): CodeIgniter\CodeIgniter->handleRequest(NULL, Object(Config\Cache), false)
#11 /Users/dileepkumar/Documents/Projects/PHP/CI4-Login-and-Registration/public/index.php(67): CodeIgniter\CodeIgniter->run()
#12 /Users/dileepkumar/Documents/Projects/PHP/CI4-Login-and-Registration/system/Commands/Server/rewrite.php(47): require_once('/Users/dileepku...')
#13 {main}
CRITICAL - 2023-01-22 17:12:08 --> Unable to connect to the database.
Main connection [MySQLi]: No such file or directory
in SYSTEMPATH/Database/BaseConnection.php on line 427.
 1 SYSTEMPATH/Database/BaseConnection.php(573): CodeIgniter\Database\BaseConnection->initialize()
 2 SYSTEMPATH/Database/BaseBuilder.php(1602): CodeIgniter\Database\BaseConnection->query('SELECT 1
FROM `tbl_users`
WHERE `email` = :email:
 LIMIT 1', [...], false)
 3 SYSTEMPATH/Validation/StrictRules/Rules.php(206): CodeIgniter\Database\BaseBuilder->get()
 4 SYSTEMPATH/Validation/Validation.php(312): CodeIgniter\Validation\StrictRules\Rules->is_unique('dileep@gmail.com', 'email', [...], null, 'email')
 5 SYSTEMPATH/Validation/Validation.php(170): CodeIgniter\Validation\Validation->processRules('email', 'email', 'dileep@gmail.com', [...], [...])
 6 SYSTEMPATH/Controller.php(140): CodeIgniter\Validation\Validation->run()
 7 APPPATH/Controllers/User.php(77): CodeIgniter\Controller->validate([...])
 8 SYSTEMPATH/CodeIgniter.php(934): App\Controllers\User->register()
 9 SYSTEMPATH/CodeIgniter.php(499): CodeIgniter\CodeIgniter->runController(Object(App\Controllers\User))
10 SYSTEMPATH/CodeIgniter.php(368): CodeIgniter\CodeIgniter->handleRequest(null, Object(Config\Cache), false)
11 FCPATH/index.php(67): CodeIgniter\CodeIgniter->run()
12 SYSTEMPATH/Commands/Server/rewrite.php(47): require_once('FCPATH/index.php')
INFO - 2023-01-22 17:13:50 --> Session: Class initialized using 'CodeIgniter\Session\Handlers\FileHandler' driver.
INFO - 2023-01-22 17:14:12 --> Session: Class initialized using 'CodeIgniter\Session\Handlers\FileHandler' driver.
INFO - 2023-01-22 17:14:32 --> Session: Class initialized using 'CodeIgniter\Session\Handlers\FileHandler' driver.
INFO - 2023-01-22 17:14:49 --> Session: Class initialized using 'CodeIgniter\Session\Handlers\FileHandler' driver.
INFO - 2023-01-22 17:14:49 --> Session: Class initialized using 'CodeIgniter\Session\Handlers\FileHandler' driver.
INFO - 2023-01-22 17:14:59 --> Session: Class initialized using 'CodeIgniter\Session\Handlers\FileHandler' driver.
INFO - 2023-01-22 17:15:00 --> Session: Class initialized using 'CodeIgniter\Session\Handlers\FileHandler' driver.
INFO - 2023-01-22 17:24:17 --> Session: Class initialized using 'CodeIgniter\Session\Handlers\FileHandler' driver.
INFO - 2023-01-22 17:24:17 --> Session: Class initialized using 'CodeIgniter\Session\Handlers\FileHandler' driver.
INFO - 2023-01-22 17:24:21 --> Session: Class initialized using 'CodeIgniter\Session\Handlers\FileHandler' driver.
INFO - 2023-01-22 17:24:21 --> Session: Class initialized using 'CodeIgniter\Session\Handlers\FileHandler' driver.
INFO - 2023-01-22 17:24:25 --> Session: Class initialized using 'CodeIgniter\Session\Handlers\FileHandler' driver.
INFO - 2023-01-22 17:24:25 --> Session: Class initialized using 'CodeIgniter\Session\Handlers\FileHandler' driver.
INFO - 2023-01-22 17:25:30 --> Session: Class initialized using 'CodeIgniter\Session\Handlers\FileHandler' driver.
INFO - 2023-01-22 17:32:17 --> Session: Class initialized using 'CodeIgniter\Session\Handlers\FileHandler' driver.
INFO - 2023-01-22 17:32:26 --> Session: Class initialized using 'CodeIgniter\Session\Handlers\FileHandler' driver.
ERROR - 2023-01-22 17:32:26 --> Error connecting to the database: mysqli_sql_exception: No such file or directory in /Users/dileepkumar/Documents/Projects/PHP/CI4-Login-and-Registration/system/Database/MySQLi/Connection.php:173
Stack trace:
#0 /Users/dileepkumar/Documents/Projects/PHP/CI4-Login-and-Registration/system/Database/MySQLi/Connection.php(173): mysqli->real_connect('localhost', 'root', Object(SensitiveParameterValue), 'my_auth_db', 3306, '', 0)
#1 /Users/dileepkumar/Documents/Projects/PHP/CI4-Login-and-Registration/system/Database/BaseConnection.php(391): CodeIgniter\Database\MySQLi\Connection->connect(false)
#2 /Users/dileepkumar/Documents/Projects/PHP/CI4-Login-and-Registration/system/Database/BaseConnection.php(573): CodeIgniter\Database\BaseConnection->initialize()
#3 /Users/dileepkumar/Documents/Projects/PHP/CI4-Login-and-Registration/system/Database/BaseBuilder.php(1602): CodeIgniter\Database\BaseConnection->query('SELECT *\nFROM `...', Array, false)
#4 /Users/dileepkumar/Documents/Projects/PHP/CI4-Login-and-Registration/system/Model.php(267): CodeIgniter\Database\BaseBuilder->get()
#5 /Users/dileepkumar/Documents/Projects/PHP/CI4-Login-and-Registration/system/BaseModel.php(656): CodeIgniter\Model->doFirst()
#6 /Users/dileepkumar/Documents/Projects/PHP/CI4-Login-and-Registration/app/Validation/Userrules.php(10): CodeIgniter\BaseModel->first()
#7 /Users/dileepkumar/Documents/Projects/PHP/CI4-Login-and-Registration/system/Validation/Validation.php(312): App\Validation\Userrules->validateUser('12345678', 'email,password', Array, NULL, 'password')
#8 /Users/dileepkumar/Documents/Projects/PHP/CI4-Login-and-Registration/system/Validation/Validation.php(170): CodeIgniter\Validation\Validation->processRules('password', 'password', '12345678', Array, Array)
#9 /Users/dileepkumar/Documents/Projects/PHP/CI4-Login-and-Registration/system/Controller.php(140): CodeIgniter\Validation\Validation->run()
#10 /Users/dileepkumar/Documents/Projects/PHP/CI4-Login-and-Registration/app/Controllers/User.php(27): CodeIgniter\Controller->validate(Array, Array)
#11 /Users/dileepkumar/Documents/Projects/PHP/CI4-Login-and-Registration/system/CodeIgniter.php(934): App\Controllers\User->login()
#12 /Users/dileepkumar/Documents/Projects/PHP/CI4-Login-and-Registration/system/CodeIgniter.php(499): CodeIgniter\CodeIgniter->runController(Object(App\Controllers\User))
#13 /Users/dileepkumar/Documents/Projects/PHP/CI4-Login-and-Registration/system/CodeIgniter.php(368): CodeIgniter\CodeIgniter->handleRequest(NULL, Object(Config\Cache), false)
#14 /Users/dileepkumar/Documents/Projects/PHP/CI4-Login-and-Registration/public/index.php(67): CodeIgniter\CodeIgniter->run()
#15 /Users/dileepkumar/Documents/Projects/PHP/CI4-Login-and-Registration/system/Commands/Server/rewrite.php(47): require_once('/Users/dileepku...')
#16 {main}

Next CodeIgniter\Database\Exceptions\DatabaseException: No such file or directory in /Users/dileepkumar/Documents/Projects/PHP/CI4-Login-and-Registration/system/Database/MySQLi/Connection.php:218
Stack trace:
#0 /Users/dileepkumar/Documents/Projects/PHP/CI4-Login-and-Registration/system/Database/BaseConnection.php(391): CodeIgniter\Database\MySQLi\Connection->connect(false)
#1 /Users/dileepkumar/Documents/Projects/PHP/CI4-Login-and-Registration/system/Database/BaseConnection.php(573): CodeIgniter\Database\BaseConnection->initialize()
#2 /Users/dileepkumar/Documents/Projects/PHP/CI4-Login-and-Registration/system/Database/BaseBuilder.php(1602): CodeIgniter\Database\BaseConnection->query('SELECT *\nFROM `...', Array, false)
#3 /Users/dileepkumar/Documents/Projects/PHP/CI4-Login-and-Registration/system/Model.php(267): CodeIgniter\Database\BaseBuilder->get()
#4 /Users/dileepkumar/Documents/Projects/PHP/CI4-Login-and-Registration/system/BaseModel.php(656): CodeIgniter\Model->doFirst()
#5 /Users/dileepkumar/Documents/Projects/PHP/CI4-Login-and-Registration/app/Validation/Userrules.php(10): CodeIgniter\BaseModel->first()
#6 /Users/dileepkumar/Documents/Projects/PHP/CI4-Login-and-Registration/system/Validation/Validation.php(312): App\Validation\Userrules->validateUser('12345678', 'email,password', Array, NULL, 'password')
#7 /Users/dileepkumar/Documents/Projects/PHP/CI4-Login-and-Registration/system/Validation/Validation.php(170): CodeIgniter\Validation\Validation->processRules('password', 'password', '12345678', Array, Array)
#8 /Users/dileepkumar/Documents/Projects/PHP/CI4-Login-and-Registration/system/Controller.php(140): CodeIgniter\Validation\Validation->run()
#9 /Users/dileepkumar/Documents/Projects/PHP/CI4-Login-and-Registration/app/Controllers/User.php(27): CodeIgniter\Controller->validate(Array, Array)
#10 /Users/dileepkumar/Documents/Projects/PHP/CI4-Login-and-Registration/system/CodeIgniter.php(934): App\Controllers\User->login()
#11 /Users/dileepkumar/Documents/Projects/PHP/CI4-Login-and-Registration/system/CodeIgniter.php(499): CodeIgniter\CodeIgniter->runController(Object(App\Controllers\User))
#12 /Users/dileepkumar/Documents/Projects/PHP/CI4-Login-and-Registration/system/CodeIgniter.php(368): CodeIgniter\CodeIgniter->handleRequest(NULL, Object(Config\Cache), false)
#13 /Users/dileepkumar/Documents/Projects/PHP/CI4-Login-and-Registration/public/index.php(67): CodeIgniter\CodeIgniter->run()
#14 /Users/dileepkumar/Documents/Projects/PHP/CI4-Login-and-Registration/system/Commands/Server/rewrite.php(47): require_once('/Users/dileepku...')
#15 {main}
CRITICAL - 2023-01-22 17:32:26 --> Unable to connect to the database.
Main connection [MySQLi]: No such file or directory
in SYSTEMPATH/Database/BaseConnection.php on line 427.
 1 SYSTEMPATH/Database/BaseConnection.php(573): CodeIgniter\Database\BaseConnection->initialize()
 2 SYSTEMPATH/Database/BaseBuilder.php(1602): CodeIgniter\Database\BaseConnection->query('SELECT *
FROM `tbl_users`
WHERE `email` = :email:
 LIMIT 1', [...], false)
 3 SYSTEMPATH/Model.php(267): CodeIgniter\Database\BaseBuilder->get()
 4 SYSTEMPATH/BaseModel.php(656): CodeIgniter\Model->doFirst()
 5 APPPATH/Validation/Userrules.php(10): CodeIgniter\BaseModel->first()
 6 SYSTEMPATH/Validation/Validation.php(312): App\Validation\Userrules->validateUser('12345678', 'email,password', [...], null, 'password')
 7 SYSTEMPATH/Validation/Validation.php(170): CodeIgniter\Validation\Validation->processRules('password', 'password', '12345678', [...], [...])
 8 SYSTEMPATH/Controller.php(140): CodeIgniter\Validation\Validation->run()
 9 APPPATH/Controllers/User.php(27): CodeIgniter\Controller->validate([...], [...])
10 SYSTEMPATH/CodeIgniter.php(934): App\Controllers\User->login()
11 SYSTEMPATH/CodeIgniter.php(499): CodeIgniter\CodeIgniter->runController(Object(App\Controllers\User))
12 SYSTEMPATH/CodeIgniter.php(368): CodeIgniter\CodeIgniter->handleRequest(null, Object(Config\Cache), false)
13 FCPATH/index.php(67): CodeIgniter\CodeIgniter->run()
14 SYSTEMPATH/Commands/Server/rewrite.php(47): require_once('FCPATH/index.php')
INFO - 2023-01-22 17:32:48 --> Session: Class initialized using 'CodeIgniter\Session\Handlers\FileHandler' driver.
INFO - 2023-01-22 17:32:48 --> Session: Class initialized using 'CodeIgniter\Session\Handlers\FileHandler' driver.
INFO - 2023-01-22 17:32:50 --> Session: Class initialized using 'CodeIgniter\Session\Handlers\FileHandler' driver.
INFO - 2023-01-22 17:32:50 --> Session: Class initialized using 'CodeIgniter\Session\Handlers\FileHandler' driver.
INFO - 2023-01-22 17:33:03 --> Session: Class initialized using 'CodeIgniter\Session\Handlers\FileHandler' driver.
INFO - 2023-01-22 17:33:03 --> Session: Class initialized using 'CodeIgniter\Session\Handlers\FileHandler' driver.
INFO - 2023-01-22 17:33:09 --> Session: Class initialized using 'CodeIgniter\Session\Handlers\FileHandler' driver.
INFO - 2023-01-22 17:33:09 --> Session: Class initialized using 'CodeIgniter\Session\Handlers\FileHandler' driver.
INFO - 2023-01-22 17:42:57 --> Session: Class initialized using 'CodeIgniter\Session\Handlers\FileHandler' driver.
INFO - 2023-01-22 17:43:59 --> Session: Class initialized using 'CodeIgniter\Session\Handlers\FileHandler' driver.
INFO - 2023-01-22 17:44:04 --> Session: Class initialized using 'CodeIgniter\Session\Handlers\FileHandler' driver.
INFO - 2023-01-22 18:01:13 --> Session: Class initialized using 'CodeIgniter\Session\Handlers\FileHandler' driver.
INFO - 2023-01-22 18:01:13 --> Session: Class initialized using 'CodeIgniter\Session\Handlers\FileHandler' driver.
INFO - 2023-01-22 18:01:21 --> Session: Class initialized using 'CodeIgniter\Session\Handlers\FileHandler' driver.
INFO - 2023-01-22 18:34:13 --> Session: Class initialized using 'CodeIgniter\Session\Handlers\FileHandler' driver.
INFO - 2023-01-22 18:34:15 --> Session: Class initialized using 'CodeIgniter\Session\Handlers\FileHandler' driver.
INFO - 2023-01-22 18:34:16 --> Session: Class initialized using 'CodeIgniter\Session\Handlers\FileHandler' driver.
CRITICAL - 2023-01-22 18:34:16 --> Object of class CodeIgniter\Validation\Validation could not be converted to string
in APPPATH/Views/login.php on line 13.
 1 SYSTEMPATH/View/View.php(213): include()
 2 SYSTEMPATH/View/View.php(216): CodeIgniter\View\View->CodeIgniter\View\{closure}()
 3 SYSTEMPATH/Common.php(1177): CodeIgniter\View\View->render('login', [], true)
 4 APPPATH/Controllers/User.php(29): view('login', [...])
 5 SYSTEMPATH/CodeIgniter.php(934): App\Controllers\User->login()
 6 SYSTEMPATH/CodeIgniter.php(499): CodeIgniter\CodeIgniter->runController(Object(App\Controllers\User))
 7 SYSTEMPATH/CodeIgniter.php(368): CodeIgniter\CodeIgniter->handleRequest(null, Object(Config\Cache), false)
 8 FCPATH/index.php(67): CodeIgniter\CodeIgniter->run()
 9 SYSTEMPATH/Commands/Server/rewrite.php(47): require_once('FCPATH/index.php')
INFO - 2023-01-22 18:38:51 --> Session: Class initialized using 'CodeIgniter\Session\Handlers\FileHandler' driver.
INFO - 2023-01-22 18:38:53 --> Session: Class initialized using 'CodeIgniter\Session\Handlers\FileHandler' driver.
CRITICAL - 2023-01-22 18:38:53 --> "email" is not a valid Validation template.
in SYSTEMPATH/Validation/Validation.php on line 557.
 1 SYSTEMPATH/Validation/Validation.php(557): CodeIgniter\Validation\Exceptions\ValidationException::forInvalidTemplate('email')
 2 APPPATH/Views/login.php(14): CodeIgniter\Validation\Validation->listErrors('email')
 3 SYSTEMPATH/View/View.php(213): include('APPPATH/Views/login.php')
 4 SYSTEMPATH/View/View.php(216): CodeIgniter\View\View->CodeIgniter\View\{closure}()
 5 SYSTEMPATH/Common.php(1177): CodeIgniter\View\View->render('login', [], true)
 6 APPPATH/Controllers/User.php(29): view('login', [...])
 7 SYSTEMPATH/CodeIgniter.php(934): App\Controllers\User->login()
 8 SYSTEMPATH/CodeIgniter.php(499): CodeIgniter\CodeIgniter->runController(Object(App\Controllers\User))
 9 SYSTEMPATH/CodeIgniter.php(368): CodeIgniter\CodeIgniter->handleRequest(null, Object(Config\Cache), false)
10 FCPATH/index.php(67): CodeIgniter\CodeIgniter->run()
11 SYSTEMPATH/Commands/Server/rewrite.php(47): require_once('FCPATH/index.php')
INFO - 2023-01-22 18:39:15 --> Session: Class initialized using 'CodeIgniter\Session\Handlers\FileHandler' driver.
INFO - 2023-01-22 18:39:16 --> Session: Class initialized using 'CodeIgniter\Session\Handlers\FileHandler' driver.
CRITICAL - 2023-01-22 18:39:16 --> Undefined property: CodeIgniter\Validation\Validation::$listErrors
in APPPATH/Views/login.php on line 14.
 1 APPPATH/Views/login.php(14): CodeIgniter\Debug\Exceptions->errorHandler(2, 'Undefined property: CodeIgniter\\Validation\\Validation::$listErrors', 'APPPATH/Views/login.php', 14)
 2 SYSTEMPATH/View/View.php(213): include('APPPATH/Views/login.php')
 3 SYSTEMPATH/View/View.php(216): CodeIgniter\View\View->CodeIgniter\View\{closure}()
 4 SYSTEMPATH/Common.php(1177): CodeIgniter\View\View->render('login', [], true)
 5 APPPATH/Controllers/User.php(29): view('login', [...])
 6 SYSTEMPATH/CodeIgniter.php(934): App\Controllers\User->login()
 7 SYSTEMPATH/CodeIgniter.php(499): CodeIgniter\CodeIgniter->runController(Object(App\Controllers\User))
 8 SYSTEMPATH/CodeIgniter.php(368): CodeIgniter\CodeIgniter->handleRequest(null, Object(Config\Cache), false)
 9 FCPATH/index.php(67): CodeIgniter\CodeIgniter->run()
10 SYSTEMPATH/Commands/Server/rewrite.php(47): require_once('FCPATH/index.php')
INFO - 2023-01-22 18:39:22 --> Session: Class initialized using 'CodeIgniter\Session\Handlers\FileHandler' driver.
INFO - 2023-01-22 18:39:40 --> Session: Class initialized using 'CodeIgniter\Session\Handlers\FileHandler' driver.
CRITICAL - 2023-01-22 18:39:40 --> Undefined property: CodeIgniter\Validation\Validation::$listErrors
in APPPATH/Views/login.php on line 14.
 1 APPPATH/Views/login.php(14): CodeIgniter\Debug\Exceptions->errorHandler(2, 'Undefined property: CodeIgniter\\Validation\\Validation::$listErrors', 'APPPATH/Views/login.php', 14)
 2 SYSTEMPATH/View/View.php(213): include('APPPATH/Views/login.php')
 3 SYSTEMPATH/View/View.php(216): CodeIgniter\View\View->CodeIgniter\View\{closure}()
 4 SYSTEMPATH/Common.php(1177): CodeIgniter\View\View->render('login', [], true)
 5 APPPATH/Controllers/User.php(29): view('login', [...])
 6 SYSTEMPATH/CodeIgniter.php(934): App\Controllers\User->login()
 7 SYSTEMPATH/CodeIgniter.php(499): CodeIgniter\CodeIgniter->runController(Object(App\Controllers\User))
 8 SYSTEMPATH/CodeIgniter.php(368): CodeIgniter\CodeIgniter->handleRequest(null, Object(Config\Cache), false)
 9 FCPATH/index.php(67): CodeIgniter\CodeIgniter->run()
10 SYSTEMPATH/Commands/Server/rewrite.php(47): require_once('FCPATH/index.php')
INFO - 2023-01-22 18:41:21 --> Session: Class initialized using 'CodeIgniter\Session\Handlers\FileHandler' driver.
INFO - 2023-01-22 18:41:23 --> Session: Class initialized using 'CodeIgniter\Session\Handlers\FileHandler' driver.
CRITICAL - 2023-01-22 18:41:23 --> "email" is not a valid Validation template.
in SYSTEMPATH/Validation/Validation.php on line 557.
 1 SYSTEMPATH/Validation/Validation.php(557): CodeIgniter\Validation\Exceptions\ValidationException::forInvalidTemplate('email')
 2 APPPATH/Views/login.php(14): CodeIgniter\Validation\Validation->listErrors('email')
 3 SYSTEMPATH/View/View.php(213): include('APPPATH/Views/login.php')
 4 SYSTEMPATH/View/View.php(216): CodeIgniter\View\View->CodeIgniter\View\{closure}()
 5 SYSTEMPATH/Common.php(1177): CodeIgniter\View\View->render('login', [], true)
 6 APPPATH/Controllers/User.php(29): view('login', [...])
 7 SYSTEMPATH/CodeIgniter.php(934): App\Controllers\User->login()
 8 SYSTEMPATH/CodeIgniter.php(499): CodeIgniter\CodeIgniter->runController(Object(App\Controllers\User))
 9 SYSTEMPATH/CodeIgniter.php(368): CodeIgniter\CodeIgniter->handleRequest(null, Object(Config\Cache), false)
10 FCPATH/index.php(67): CodeIgniter\CodeIgniter->run()
11 SYSTEMPATH/Commands/Server/rewrite.php(47): require_once('FCPATH/index.php')
INFO - 2023-01-22 18:42:19 --> Session: Class initialized using 'CodeIgniter\Session\Handlers\FileHandler' driver.
INFO - 2023-01-22 18:42:21 --> Session: Class initialized using 'CodeIgniter\Session\Handlers\FileHandler' driver.
INFO - 2023-01-22 18:42:22 --> Session: Class initialized using 'CodeIgniter\Session\Handlers\FileHandler' driver.
INFO - 2023-01-22 18:44:02 --> Session: Class initialized using 'CodeIgniter\Session\Handlers\FileHandler' driver.
INFO - 2023-01-22 18:44:36 --> Session: Class initialized using 'CodeIgniter\Session\Handlers\FileHandler' driver.
INFO - 2023-01-22 18:46:03 --> Session: Class initialized using 'CodeIgniter\Session\Handlers\FileHandler' driver.
INFO - 2023-01-22 18:47:56 --> Session: Class initialized using 'CodeIgniter\Session\Handlers\FileHandler' driver.
INFO - 2023-01-22 18:48:19 --> Session: Class initialized using 'CodeIgniter\Session\Handlers\FileHandler' driver.
